<?xml version="1.0" encoding="UTF-8"?>
<!-- Generated by org.testng.reporters.JUnitReportReporter -->
<testsuite hostname="DESKTOP-GOIBKEG" failures="0" tests="1" name="Google" time="13.084" errors="0" timestamp="2023-07-16T13:59:56 IST" skipped="0">
  <testcase classname="Google" name="openGoogle" time="13.084"/>
</testsuite> <!-- Google -->
